Using pre-set license
Built from '2020.3/staging' branch; Version is '2020.3.11f1 (99c7afb366b3) revision 10078127'; Using compiler version '192528614'; Build Type 'Release'
OS: 'Windows 10 Home; OS build 19043.985; Version 2009; 64bit' Language: 'fr' Physical Memory: 16342 MB
BatchMode: 1, IsHumanControllingUs: 0, StartBugReporterOnCrash: 0, Is64bit: 1, IsPro: 0

 COMMAND LINE ARGUMENTS:
C:\Program Files\Unity\Hub\Editor\2020.3.11f1\Editor\Unity.exe
-adb2
-batchMode
-noUpm
-name
AssetImportWorker0
-projectPath
C:/Users/axelr/Documents/GitHub/SnakeVersusBlock
-logFile
Logs/AssetImportWorker0.log
-srvPort
56011
Successfully changed project path to: C:/Users/axelr/Documents/GitHub/SnakeVersusBlock
C:/Users/axelr/Documents/GitHub/SnakeVersusBlock
Using Asset Import Pipeline V2.
Refreshing native plugins compatible for Editor in 34.24 ms, found 2 plugins.
Preloading 0 native plugins for Editor in 0.00 ms.
Initialize engine version: 2020.3.11f1 (99c7afb366b3)
[Subsystems] Discovering subsystems at path C:/Program Files/Unity/Hub/Editor/2020.3.11f1/Editor/Data/Resources/UnitySubsystems
[Subsystems] Discovering subsystems at path C:/Users/axelr/Documents/GitHub/SnakeVersusBlock/Assets
GfxDevice: creating device client; threaded=0
Direct3D:
    Version:  Direct3D 11.0 [level 11.1]
    Renderer: NVIDIA GeForce RTX 2060 SUPER (ID=0x1f06)
    Vendor:   
    VRAM:     8031 MB
    Driver:   27.21.14.6663
Initialize mono
Mono path[0] = 'C:/Program Files/Unity/Hub/Editor/2020.3.11f1/Editor/Data/Managed'
Mono path[1] = 'C:/Program Files/Unity/Hub/Editor/2020.3.11f1/Editor/Data/MonoBleedingEdge/lib/mono/unityjit'
Mono config path = 'C:/Program Files/Unity/Hub/Editor/2020.3.11f1/Editor/Data/MonoBleedingEdge/etc'
Using monoOptions --debugger-agent=transport=dt_socket,embedding=1,server=y,suspend=n,address=127.0.0.1:56968
Begin MonoManager ReloadAssembly
Registering precompiled unity dll's ...
Register platform support module: C:/Program Files/Unity/Hub/Editor/2020.3.11f1/Editor/Data/PlaybackEngines/WindowsStandaloneSupport/UnityEditor.WindowsStandalone.Extensions.dll
Registered in 0.001806 seconds.
Native extension for WindowsStandalone target not found
Refreshing native plugins compatible for Editor in 25.31 ms, found 2 plugins.
Preloading 0 native plugins for Editor in 0.00 ms.
Mono: successfully reloaded assembly
- Completed reload, in  1.717 seconds
Platform modules already initialized, skipping
Registering precompiled user dll's ...
Registered in 0.003795 seconds.
Begin MonoManager ReloadAssembly
Native extension for WindowsStandalone target not found
Refreshing native plugins compatible for Editor in 0.28 ms, found 2 plugins.
Preloading 0 native plugins for Editor in 0.00 ms.
Mono: successfully reloaded assembly
- Completed reload, in  0.972 seconds
Platform modules already initialized, skipping
========================================================================
Worker process is ready to serve import requests
Launched and connected shader compiler UnityShaderCompiler.exe after 0.04 seconds
Refreshing native plugins compatible for Editor in 0.27 ms, found 2 plugins.
Preloading 0 native plugins for Editor in 0.00 ms.
Unloading 1410 Unused Serialized files (Serialized files now loaded: 0)
System memory in use before: 65.5 MB.
System memory in use after: 65.5 MB.

Unloading 19 unused Assets to reduce memory usage. Loaded Objects now: 1843.
Total: 1.995000 ms (FindLiveObjects: 0.159100 ms CreateObjectMapping: 0.040100 ms MarkObjects: 1.680700 ms  DeleteObjects: 0.089600 ms)

AssetImportParameters requested are different than current active one (requested -> active):
  requireTextureImportCompression: false -> true
========================================================================
Received Import Request.
  path: Assets/ColorSets/Green.asset
  artifactKey: Guid(6d03b1aa63d891645ba6571d0c9a663b) Importer(815301076,1909f56bfc062723c751e8b465ee728b)
Start importing Assets/ColorSets/Green.asset using Guid(6d03b1aa63d891645ba6571d0c9a663b) Importer(815301076,1909f56bfc062723c751e8b465ee728b)  -> (artifact id: '82804a3b2c5da2c53f443c33c1100e41') in 0.035842 seconds
  Import took 0.037933 seconds .

========================================================================
Received Import Request.
  Time since last request: 130.329375 seconds.
  path: Assets/ColorSets/Orange.asset
  artifactKey: Guid(8377076d5db72c941a2b0e5380223a14) Importer(815301076,1909f56bfc062723c751e8b465ee728b)
Start importing Assets/ColorSets/Orange.asset using Guid(8377076d5db72c941a2b0e5380223a14) Importer(815301076,1909f56bfc062723c751e8b465ee728b)  -> (artifact id: 'add206745d2e0e8194568c29ff9ae68c') in 0.012588 seconds
  Import took 0.016503 seconds .

========================================================================
Received Import Request.
  Time since last request: 0.000952 seconds.
  path: Assets/ColorSets/Orange.asset
  artifactKey: Guid(8377076d5db72c941a2b0e5380223a14) Importer(815301076,1909f56bfc062723c751e8b465ee728b)
Start importing Assets/ColorSets/Orange.asset using Guid(8377076d5db72c941a2b0e5380223a14) Importer(815301076,1909f56bfc062723c751e8b465ee728b)  -> (artifact id: 'add206745d2e0e8194568c29ff9ae68c') in 0.002936 seconds
  Import took 0.005484 seconds .

========================================================================
Received Prepare
Registering precompiled user dll's ...
Registered in 0.003588 seconds.
Begin MonoManager ReloadAssembly
Native extension for WindowsStandalone target not found
Refreshing native plugins compatible for Editor in 0.35 ms, found 2 plugins.
Preloading 0 native plugins for Editor in 0.00 ms.
Mono: successfully reloaded assembly
- Completed reload, in  0.896 seconds
Platform modules already initialized, skipping
Switching build target platform(19) subTarget(0) extendedPlatform(0) -> platform(13) subTarget(537395200) extendedPlatform(0)
Refreshing native plugins compatible for Editor in 0.28 ms, found 2 plugins.
Preloading 0 native plugins for Editor in 0.00 ms.
Unloading 1408 Unused Serialized files (Serialized files now loaded: 0)
System memory in use before: 65.4 MB.
System memory in use after: 65.5 MB.

Unloading 14 unused Assets to reduce memory usage. Loaded Objects now: 1846.
Total: 2.223100 ms (FindLiveObjects: 0.207500 ms CreateObjectMapping: 0.038600 ms MarkObjects: 1.886200 ms  DeleteObjects: 0.089700 ms)

AssetImportParameters requested are different than current active one (requested -> active):
  requireTextureImportCompression: false -> true
  custom:graphics/normal-map-encoding: 01000000000000000000000000000000 -> 02000000000000000000000000000000
========================================================================
Received Prepare
Registering precompiled user dll's ...
Registered in 0.084438 seconds.
Begin MonoManager ReloadAssembly
Native extension for WindowsStandalone target not found
Refreshing native plugins compatible for Editor in 0.42 ms, found 2 plugins.
Preloading 0 native plugins for Editor in 0.00 ms.
Mono: successfully reloaded assembly
- Completed reload, in  0.950 seconds
Platform modules already initialized, skipping
Switching build target platform(19) subTarget(0) extendedPlatform(0) -> platform(13) subTarget(537395200) extendedPlatform(0)
Refreshing native plugins compatible for Editor in 0.43 ms, found 2 plugins.
Preloading 0 native plugins for Editor in 0.00 ms.
Unloading 1408 Unused Serialized files (Serialized files now loaded: 0)
System memory in use before: 65.4 MB.
System memory in use after: 65.5 MB.

Unloading 14 unused Assets to reduce memory usage. Loaded Objects now: 1849.
Total: 1.871100 ms (FindLiveObjects: 0.138100 ms CreateObjectMapping: 0.033700 ms MarkObjects: 1.614500 ms  DeleteObjects: 0.083900 ms)

AssetImportParameters requested are different than current active one (requested -> active):
  requireTextureImportCompression: false -> true
  custom:graphics/normal-map-encoding: 01000000000000000000000000000000 -> 02000000000000000000000000000000
========================================================================
Received Import Request.
  Time since last request: 344.959006 seconds.
  path: Assets/ColorSets/New ColorSet.asset
  artifactKey: Guid(873aa0945abe19d4a921c656960e748f) Importer(815301076,1909f56bfc062723c751e8b465ee728b)
Start importing Assets/ColorSets/New ColorSet.asset using Guid(873aa0945abe19d4a921c656960e748f) Importer(815301076,1909f56bfc062723c751e8b465ee728b)  -> (artifact id: '3ef32fef0e1acb181bed81d106445a09') in 0.014848 seconds
  Import took 0.017038 seconds .

========================================================================
Received Prepare
Registering precompiled user dll's ...
Registered in 0.004493 seconds.
Begin MonoManager ReloadAssembly
Native extension for WindowsStandalone target not found
Refreshing native plugins compatible for Editor in 0.29 ms, found 2 plugins.
Preloading 0 native plugins for Editor in 0.00 ms.
Mono: successfully reloaded assembly
- Completed reload, in  0.901 seconds
Platform modules already initialized, skipping
Switching build target platform(19) subTarget(0) extendedPlatform(0) -> platform(13) subTarget(537395200) extendedPlatform(0)
Refreshing native plugins compatible for Editor in 0.28 ms, found 2 plugins.
Preloading 0 native plugins for Editor in 0.00 ms.
Unloading 1408 Unused Serialized files (Serialized files now loaded: 0)
System memory in use before: 65.4 MB.
System memory in use after: 65.5 MB.

Unloading 14 unused Assets to reduce memory usage. Loaded Objects now: 1852.
Total: 2.005000 ms (FindLiveObjects: 0.138400 ms CreateObjectMapping: 0.033600 ms MarkObjects: 1.747800 ms  DeleteObjects: 0.084400 ms)

AssetImportParameters requested are different than current active one (requested -> active):
  requireTextureImportCompression: false -> true
  custom:graphics/normal-map-encoding: 01000000000000000000000000000000 -> 02000000000000000000000000000000
========================================================================
Received Import Request.
  Time since last request: 309.381351 seconds.
  path: Assets/Levels/Level2.asset
  artifactKey: Guid(013c31c6e3ea482408f49e5405a67a81) Importer(815301076,1909f56bfc062723c751e8b465ee728b)
Start importing Assets/Levels/Level2.asset using Guid(013c31c6e3ea482408f49e5405a67a81) Importer(815301076,1909f56bfc062723c751e8b465ee728b)  -> (artifact id: 'b50abb722eb8d2f9fb1c6b4917383e4e') in 0.013569 seconds
  Import took 0.017847 seconds .

========================================================================
Received Import Request.
  Time since last request: 13.927575 seconds.
  path: Assets/ColorSets/MultiColor.asset
  artifactKey: Guid(efe381a41ba45a04eb827b3a89ca7aaf) Importer(815301076,1909f56bfc062723c751e8b465ee728b)
Start importing Assets/ColorSets/MultiColor.asset using Guid(efe381a41ba45a04eb827b3a89ca7aaf) Importer(815301076,1909f56bfc062723c751e8b465ee728b)  -> (artifact id: 'd973f95bc0286d36a9742093fdab5692') in 0.008436 seconds
  Import took 0.011778 seconds .

========================================================================
Received Prepare
Registering precompiled user dll's ...
Registered in 0.003778 seconds.
Begin MonoManager ReloadAssembly
Native extension for WindowsStandalone target not found
Refreshing native plugins compatible for Editor in 0.37 ms, found 2 plugins.
Preloading 0 native plugins for Editor in 0.00 ms.
Mono: successfully reloaded assembly
- Completed reload, in  0.947 seconds
Platform modules already initialized, skipping
Switching build target platform(19) subTarget(0) extendedPlatform(0) -> platform(13) subTarget(537395200) extendedPlatform(0)
Refreshing native plugins compatible for Editor in 0.28 ms, found 2 plugins.
Preloading 0 native plugins for Editor in 0.00 ms.
Unloading 1408 Unused Serialized files (Serialized files now loaded: 0)
System memory in use before: 65.4 MB.
System memory in use after: 65.5 MB.

Unloading 14 unused Assets to reduce memory usage. Loaded Objects now: 1855.
Total: 1.769500 ms (FindLiveObjects: 0.138400 ms CreateObjectMapping: 0.046200 ms MarkObjects: 1.522800 ms  DeleteObjects: 0.060700 ms)

AssetImportParameters requested are different than current active one (requested -> active):
  requireTextureImportCompression: false -> true
  custom:graphics/normal-map-encoding: 01000000000000000000000000000000 -> 02000000000000000000000000000000
========================================================================
Received Import Request.
  Time since last request: 850.874773 seconds.
  path: Assets/ColorSets/Red.asset
  artifactKey: Guid(8377076d5db72c941a2b0e5380223a14) Importer(815301076,1909f56bfc062723c751e8b465ee728b)
Start importing Assets/ColorSets/Red.asset using Guid(8377076d5db72c941a2b0e5380223a14) Importer(815301076,1909f56bfc062723c751e8b465ee728b)  -> (artifact id: 'ef76807819dafb48e96862fe2884420b') in 0.019181 seconds
  Import took 0.022208 seconds .

========================================================================
Received Import Request.
  Time since last request: 56.115388 seconds.
  path: Assets/ColorSets/Blue.asset
  artifactKey: Guid(cc97d24ab8abccf4399d7aa0efd7b394) Importer(815301076,1909f56bfc062723c751e8b465ee728b)
Start importing Assets/ColorSets/Blue.asset using Guid(cc97d24ab8abccf4399d7aa0efd7b394) Importer(815301076,1909f56bfc062723c751e8b465ee728b)  -> (artifact id: '09b2296f3211e737eb09c8aea2c4a699') in 0.008111 seconds
  Import took 0.011117 seconds .

========================================================================
Received Import Request.
  Time since last request: 15.182208 seconds.
  path: Assets/ColorSets/Blue.asset
  artifactKey: Guid(cc97d24ab8abccf4399d7aa0efd7b394) Importer(815301076,1909f56bfc062723c751e8b465ee728b)
Start importing Assets/ColorSets/Blue.asset using Guid(cc97d24ab8abccf4399d7aa0efd7b394) Importer(815301076,1909f56bfc062723c751e8b465ee728b)  -> (artifact id: '95ab2d705bedfb469bdcff1e6d11d905') in 0.003172 seconds
  Import took 0.005699 seconds .

========================================================================
Received Import Request.
  Time since last request: 55.421652 seconds.
  path: Assets/ColorSets/Green 1.asset
  artifactKey: Guid(3b31de875319510499166602751cf75d) Importer(815301076,1909f56bfc062723c751e8b465ee728b)
Start importing Assets/ColorSets/Green 1.asset using Guid(3b31de875319510499166602751cf75d) Importer(815301076,1909f56bfc062723c751e8b465ee728b)  -> (artifact id: '3d33400a05877602cc72c512ee32c8d5') in 0.007697 seconds
  Import took 0.010926 seconds .

========================================================================
Received Import Request.
  Time since last request: 0.717240 seconds.
  path: Assets/ColorSets/Blue.asset
  artifactKey: Guid(cc97d24ab8abccf4399d7aa0efd7b394) Importer(815301076,1909f56bfc062723c751e8b465ee728b)
Start importing Assets/ColorSets/Blue.asset using Guid(cc97d24ab8abccf4399d7aa0efd7b394) Importer(815301076,1909f56bfc062723c751e8b465ee728b)  -> (artifact id: '7292b5cfca873b38f8371891d66fdeab') in 0.002950 seconds
  Import took 0.005798 seconds .

========================================================================
Received Import Request.
  Time since last request: 20.392706 seconds.
  path: Assets/ColorSets/Blue.asset
  artifactKey: Guid(3b31de875319510499166602751cf75d) Importer(815301076,1909f56bfc062723c751e8b465ee728b)
Start importing Assets/ColorSets/Blue.asset using Guid(3b31de875319510499166602751cf75d) Importer(815301076,1909f56bfc062723c751e8b465ee728b)  -> (artifact id: 'f4ccaeb4186b0aadc3762ec570616888') in 0.003040 seconds
  Import took 0.005719 seconds .

========================================================================
Received Import Request.
  Time since last request: 20.581427 seconds.
  path: Assets/Levels/Level3.asset
  artifactKey: Guid(4811257ad45b4b64f90929333551dd3f) Importer(815301076,1909f56bfc062723c751e8b465ee728b)
Start importing Assets/Levels/Level3.asset using Guid(4811257ad45b4b64f90929333551dd3f) Importer(815301076,1909f56bfc062723c751e8b465ee728b)  -> (artifact id: 'd562cbfdae132db26bce988696da2aba') in 0.007694 seconds
  Import took 0.010977 seconds .

========================================================================
Received Import Request.
  Time since last request: 96.142381 seconds.
  path: Assets/ColorSets/Green.asset
  artifactKey: Guid(6d03b1aa63d891645ba6571d0c9a663b) Importer(815301076,1909f56bfc062723c751e8b465ee728b)
Start importing Assets/ColorSets/Green.asset using Guid(6d03b1aa63d891645ba6571d0c9a663b) Importer(815301076,1909f56bfc062723c751e8b465ee728b)  -> (artifact id: 'bd556c3ac9f15b41ff63b9f805ccd7d9') in 0.011223 seconds
  Import took 0.014020 seconds .

========================================================================
Received Import Request.
  Time since last request: 6.556605 seconds.
  path: Assets/ColorSets/MultiColorRed.asset
  artifactKey: Guid(efe381a41ba45a04eb827b3a89ca7aaf) Importer(815301076,1909f56bfc062723c751e8b465ee728b)
Start importing Assets/ColorSets/MultiColorRed.asset using Guid(efe381a41ba45a04eb827b3a89ca7aaf) Importer(815301076,1909f56bfc062723c751e8b465ee728b)  -> (artifact id: 'beb769c80da96821be9c867602bc5636') in 0.008644 seconds
  Import took 0.011326 seconds .

========================================================================
Received Import Request.
  Time since last request: 0.384013 seconds.
  path: Assets/ColorSets/MultiColorRed 1.asset
  artifactKey: Guid(9ff2b2b54b883bb4da6ce75c993cb842) Importer(815301076,1909f56bfc062723c751e8b465ee728b)
Start importing Assets/ColorSets/MultiColorRed 1.asset using Guid(9ff2b2b54b883bb4da6ce75c993cb842) Importer(815301076,1909f56bfc062723c751e8b465ee728b)  -> (artifact id: 'eec34a80f983d793cc25160ed6d313ba') in 0.008355 seconds
  Import took 0.010959 seconds .

========================================================================
Received Import Request.
  Time since last request: 10.026004 seconds.
  path: Assets/Levels/Level3.asset
  artifactKey: Guid(4811257ad45b4b64f90929333551dd3f) Importer(815301076,1909f56bfc062723c751e8b465ee728b)
Start importing Assets/Levels/Level3.asset using Guid(4811257ad45b4b64f90929333551dd3f) Importer(815301076,1909f56bfc062723c751e8b465ee728b)  -> (artifact id: '6dd10a11d3fa0f993d021fb3d3a3bfc1') in 0.009310 seconds
  Import took 0.011638 seconds .

========================================================================
Received Import Request.
  Time since last request: 12.096594 seconds.
  path: Assets/ColorSets/Yellow.asset
  artifactKey: Guid(550324f5def081a48b57b40f594808f4) Importer(815301076,1909f56bfc062723c751e8b465ee728b)
Start importing Assets/ColorSets/Yellow.asset using Guid(550324f5def081a48b57b40f594808f4) Importer(815301076,1909f56bfc062723c751e8b465ee728b)  -> (artifact id: '5125d308110c9580c39e2bca2798457b') in 0.007505 seconds
  Import took 0.010655 seconds .

========================================================================
Received Import Request.
  Time since last request: 7.350990 seconds.
  path: Assets/ColorSets/Green 1.asset
  artifactKey: Guid(513da73944765194bb872e598520cb25) Importer(815301076,1909f56bfc062723c751e8b465ee728b)
Start importing Assets/ColorSets/Green 1.asset using Guid(513da73944765194bb872e598520cb25) Importer(815301076,1909f56bfc062723c751e8b465ee728b)  -> (artifact id: '0fee663ee7ff4864ff07af96d2ac4d31') in 0.003667 seconds
  Import took 0.005950 seconds .

========================================================================
Received Import Request.
  Time since last request: 2.617396 seconds.
  path: Assets/ColorSets/Yellow.asset
  artifactKey: Guid(513da73944765194bb872e598520cb25) Importer(815301076,1909f56bfc062723c751e8b465ee728b)
Start importing Assets/ColorSets/Yellow.asset using Guid(513da73944765194bb872e598520cb25) Importer(815301076,1909f56bfc062723c751e8b465ee728b)  -> (artifact id: '67f7961681a88bfc1876830923515e33') in 0.002931 seconds
  Import took 0.005454 seconds .

========================================================================
Received Import Request.
  Time since last request: 51.938321 seconds.
  path: Assets/Scripts/Level/Block.cs
  artifactKey: Guid(1434f8274226aef4d8bad5898ca63b4e) Importer(815301076,1909f56bfc062723c751e8b465ee728b)
Start importing Assets/Scripts/Level/Block.cs using Guid(1434f8274226aef4d8bad5898ca63b4e) Importer(815301076,1909f56bfc062723c751e8b465ee728b)  -> (artifact id: 'b8926e9fe71d0280ca2cccab145d74c4') in 0.011774 seconds
  Import took 0.013894 seconds .

========================================================================
Received Import Request.
  Time since last request: 0.022538 seconds.
  path: Assets/Scripts/Level/Block.cs
  artifactKey: Guid(1434f8274226aef4d8bad5898ca63b4e) Importer(815301076,1909f56bfc062723c751e8b465ee728b)
Start importing Assets/Scripts/Level/Block.cs using Guid(1434f8274226aef4d8bad5898ca63b4e) Importer(815301076,1909f56bfc062723c751e8b465ee728b)  -> (artifact id: 'b8926e9fe71d0280ca2cccab145d74c4') in 0.003018 seconds
  Import took 0.006175 seconds .

========================================================================
Received Prepare
Registering precompiled user dll's ...
Registered in 0.005601 seconds.
Begin MonoManager ReloadAssembly
Native extension for WindowsStandalone target not found
Refreshing native plugins compatible for Editor in 0.27 ms, found 2 plugins.
Preloading 0 native plugins for Editor in 0.00 ms.
Mono: successfully reloaded assembly
- Completed reload, in  0.933 seconds
Platform modules already initialized, skipping
Switching build target platform(19) subTarget(0) extendedPlatform(0) -> platform(13) subTarget(537395200) extendedPlatform(0)
Refreshing native plugins compatible for Editor in 0.28 ms, found 2 plugins.
Preloading 0 native plugins for Editor in 0.00 ms.
Unloading 1408 Unused Serialized files (Serialized files now loaded: 0)
System memory in use before: 65.5 MB.
System memory in use after: 65.5 MB.

Unloading 14 unused Assets to reduce memory usage. Loaded Objects now: 1858.
Total: 1.818200 ms (FindLiveObjects: 0.149800 ms CreateObjectMapping: 0.034900 ms MarkObjects: 1.545700 ms  DeleteObjects: 0.086700 ms)

AssetImportParameters requested are different than current active one (requested -> active):
  requireTextureImportCompression: false -> true
  custom:graphics/normal-map-encoding: 01000000000000000000000000000000 -> 02000000000000000000000000000000
========================================================================
Received Import Request.
  Time since last request: 94.454815 seconds.
  path: Assets/Scripts/Level/Block.cs
  artifactKey: Guid(1434f8274226aef4d8bad5898ca63b4e) Importer(815301076,1909f56bfc062723c751e8b465ee728b)
Start importing Assets/Scripts/Level/Block.cs using Guid(1434f8274226aef4d8bad5898ca63b4e) Importer(815301076,1909f56bfc062723c751e8b465ee728b)  -> (artifact id: '456c10b3b7cd9a603a5434153d4d4a90') in 0.007462 seconds
  Import took 0.009370 seconds .

========================================================================
Received Import Request.
  Time since last request: 3.196410 seconds.
  path: Assets/Levels/Level2.asset
  artifactKey: Guid(013c31c6e3ea482408f49e5405a67a81) Importer(815301076,1909f56bfc062723c751e8b465ee728b)
Start importing Assets/Levels/Level2.asset using Guid(013c31c6e3ea482408f49e5405a67a81) Importer(815301076,1909f56bfc062723c751e8b465ee728b)  -> (artifact id: 'e89bbe9d2f26017555e486980252969c') in 0.009618 seconds
  Import took 0.012272 seconds .

========================================================================
Received Import Request.
  Time since last request: 6.582689 seconds.
  path: Assets/Levels/Level4.asset
  artifactKey: Guid(8013b88855ef43447a663431ec5bfef5) Importer(815301076,1909f56bfc062723c751e8b465ee728b)
Start importing Assets/Levels/Level4.asset using Guid(8013b88855ef43447a663431ec5bfef5) Importer(815301076,1909f56bfc062723c751e8b465ee728b)  -> (artifact id: '3103778c0e2d56910d30530e5cdd7939') in 0.007709 seconds
  Import took 0.010772 seconds .

========================================================================
Received Prepare
Registering precompiled user dll's ...
Registered in 0.003762 seconds.
Begin MonoManager ReloadAssembly
Native extension for WindowsStandalone target not found
Refreshing native plugins compatible for Editor in 0.39 ms, found 2 plugins.
Preloading 0 native plugins for Editor in 0.00 ms.
Mono: successfully reloaded assembly
- Completed reload, in  0.919 seconds
Platform modules already initialized, skipping
Switching build target platform(19) subTarget(0) extendedPlatform(0) -> platform(13) subTarget(537395200) extendedPlatform(0)
Refreshing native plugins compatible for Editor in 0.27 ms, found 2 plugins.
Preloading 0 native plugins for Editor in 0.00 ms.
Unloading 1408 Unused Serialized files (Serialized files now loaded: 0)
System memory in use before: 65.5 MB.
System memory in use after: 65.5 MB.

Unloading 14 unused Assets to reduce memory usage. Loaded Objects now: 1861.
Total: 2.149900 ms (FindLiveObjects: 0.122300 ms CreateObjectMapping: 0.036000 ms MarkObjects: 1.940400 ms  DeleteObjects: 0.049900 ms)

AssetImportParameters requested are different than current active one (requested -> active):
  requireTextureImportCompression: false -> true
  custom:graphics/normal-map-encoding: 01000000000000000000000000000000 -> 02000000000000000000000000000000
========================================================================
Received Import Request.
  Time since last request: 141.018694 seconds.
  path: Assets/ColorSets/Yellow.asset
  artifactKey: Guid(513da73944765194bb872e598520cb25) Importer(815301076,1909f56bfc062723c751e8b465ee728b)
Start importing Assets/ColorSets/Yellow.asset using Guid(513da73944765194bb872e598520cb25) Importer(815301076,1909f56bfc062723c751e8b465ee728b)  -> (artifact id: '12cdad6b56256237ad98524202315550') in 0.012001 seconds
  Import took 0.014539 seconds .

========================================================================
Received Import Request.
  Time since last request: 204.587870 seconds.
  path: Assets/BasicRules.asset
  artifactKey: Guid(a59bf3b743f5a86429405a8e9e599520) Importer(815301076,1909f56bfc062723c751e8b465ee728b)
Start importing Assets/BasicRules.asset using Guid(a59bf3b743f5a86429405a8e9e599520) Importer(815301076,1909f56bfc062723c751e8b465ee728b)  -> (artifact id: '48aa691bced626052c084401c32d1631') in 0.015051 seconds
  Import took 0.017705 seconds .

========================================================================
Received Import Request.
  Time since last request: 0.005726 seconds.
  path: Assets/BasicRules.asset
  artifactKey: Guid(a59bf3b743f5a86429405a8e9e599520) Importer(815301076,1909f56bfc062723c751e8b465ee728b)
Start importing Assets/BasicRules.asset using Guid(a59bf3b743f5a86429405a8e9e599520) Importer(815301076,1909f56bfc062723c751e8b465ee728b)  -> (artifact id: '48aa691bced626052c084401c32d1631') in 0.003136 seconds
  Import took 0.005486 seconds .

========================================================================
Received Prepare
Registering precompiled user dll's ...
Registered in 0.003538 seconds.
Begin MonoManager ReloadAssembly
Native extension for WindowsStandalone target not found
Refreshing native plugins compatible for Editor in 0.30 ms, found 2 plugins.
Preloading 0 native plugins for Editor in 0.00 ms.
Mono: successfully reloaded assembly
- Completed reload, in  0.924 seconds
Platform modules already initialized, skipping
Switching build target platform(19) subTarget(0) extendedPlatform(0) -> platform(13) subTarget(537395200) extendedPlatform(0)
Refreshing native plugins compatible for Editor in 0.33 ms, found 2 plugins.
Preloading 0 native plugins for Editor in 0.00 ms.
Unloading 1408 Unused Serialized files (Serialized files now loaded: 0)
System memory in use before: 65.5 MB.
System memory in use after: 65.5 MB.

Unloading 14 unused Assets to reduce memory usage. Loaded Objects now: 1864.
Total: 2.159900 ms (FindLiveObjects: 0.141700 ms CreateObjectMapping: 0.033900 ms MarkObjects: 1.918100 ms  DeleteObjects: 0.064800 ms)

AssetImportParameters requested are different than current active one (requested -> active):
  requireTextureImportCompression: false -> true
  custom:graphics/normal-map-encoding: 01000000000000000000000000000000 -> 02000000000000000000000000000000
========================================================================
Received Import Request.
  Time since last request: 522.064693 seconds.
  path: Assets/ColorSets/Gray.asset
  artifactKey: Guid(26e2dce3ea3ede84e9b1044906c325b6) Importer(815301076,1909f56bfc062723c751e8b465ee728b)
Start importing Assets/ColorSets/Gray.asset using Guid(26e2dce3ea3ede84e9b1044906c325b6) Importer(815301076,1909f56bfc062723c751e8b465ee728b)  -> (artifact id: 'c3705ec06a598b5db04ee29d87884adf') in 0.018681 seconds
  Import took 0.021678 seconds .

========================================================================
Received Import Request.
  Time since last request: 80.312839 seconds.
  path: Assets/Levels/Level5.asset
  artifactKey: Guid(0d74096f722a7ac44a6a4a33e1912c11) Importer(815301076,1909f56bfc062723c751e8b465ee728b)
Start importing Assets/Levels/Level5.asset using Guid(0d74096f722a7ac44a6a4a33e1912c11) Importer(815301076,1909f56bfc062723c751e8b465ee728b)  -> (artifact id: '7b7be3a3c5851d7fe5f2084f5adb357a') in 0.008903 seconds
  Import took 0.019140 seconds .

========================================================================
Received Import Request.
  Time since last request: 0.002139 seconds.
  path: Assets/Levels/Level5.asset
  artifactKey: Guid(0d74096f722a7ac44a6a4a33e1912c11) Importer(815301076,1909f56bfc062723c751e8b465ee728b)
Start importing Assets/Levels/Level5.asset using Guid(0d74096f722a7ac44a6a4a33e1912c11) Importer(815301076,1909f56bfc062723c751e8b465ee728b)  -> (artifact id: '7b7be3a3c5851d7fe5f2084f5adb357a') in 0.003262 seconds
  Import took 0.006340 seconds .

========================================================================
Received Import Request.
  Time since last request: 11.200816 seconds.
  path: Assets/Scripts/BasicRules.asset
  artifactKey: Guid(a59bf3b743f5a86429405a8e9e599520) Importer(815301076,1909f56bfc062723c751e8b465ee728b)
Start importing Assets/Scripts/BasicRules.asset using Guid(a59bf3b743f5a86429405a8e9e599520) Importer(815301076,1909f56bfc062723c751e8b465ee728b)  -> (artifact id: '400c7bab332d27ec922b932c59d1d727') in 0.003950 seconds
  Import took 0.007004 seconds .

========================================================================
Received Prepare
Registering precompiled user dll's ...
Registered in 0.003724 seconds.
Begin MonoManager ReloadAssembly
Native extension for WindowsStandalone target not found
Refreshing native plugins compatible for Editor in 0.35 ms, found 2 plugins.
Preloading 0 native plugins for Editor in 0.00 ms.
Mono: successfully reloaded assembly
- Completed reload, in  0.916 seconds
Platform modules already initialized, skipping
Switching build target platform(19) subTarget(0) extendedPlatform(0) -> platform(13) subTarget(537395200) extendedPlatform(0)
Refreshing native plugins compatible for Editor in 0.27 ms, found 2 plugins.
Preloading 0 native plugins for Editor in 0.00 ms.
Unloading 1408 Unused Serialized files (Serialized files now loaded: 0)
System memory in use before: 65.5 MB.
System memory in use after: 65.6 MB.

Unloading 14 unused Assets to reduce memory usage. Loaded Objects now: 1867.
Total: 2.074700 ms (FindLiveObjects: 0.156700 ms CreateObjectMapping: 0.036100 ms MarkObjects: 1.786000 ms  DeleteObjects: 0.094900 ms)

AssetImportParameters requested are different than current active one (requested -> active):
  requireTextureImportCompression: false -> true
  custom:graphics/normal-map-encoding: 01000000000000000000000000000000 -> 02000000000000000000000000000000
